<?xml version="1.0" encoding="UTF-8"?>
<testng-results ignored="0" total="1" passed="1" failed="0" skipped="0">
  <reporter-output>
  </reporter-output>
  <suite started-at="2022-09-14T10:44:32 IST" name="Default suite" finished-at="2022-09-14T10:44:33 IST" duration-ms="1006">
    <groups>
    </groups>
    <test started-at="2022-09-14T10:44:32 IST" name="Default test" finished-at="2022-09-14T10:44:33 IST" duration-ms="1006">
      <class name="com.testcases.WriteExcelTest">
        <test-method signature="Writetest()[pri:0, instance:com.testcases.WriteExcelTest@65466a6a]" started-at="2022-09-14T10:44:32 IST" name="Writetest" finished-at="2022-09-14T10:44:33 IST" duration-ms="965" status="PASS">
          <reporter-output>
          </reporter-output>
        </test-method> <!-- Writetest -->
      </class> <!-- com.testcases.WriteExcelTest -->
    </test> <!-- Default test -->
  </suite> <!-- Default suite -->
</testng-results>
